<?xml version="1.0" encoding="UTF-8"?>
<!-- Generated by org.testng.reporters.JUnitXMLReporter -->
<testsuite ignored="0" hostname="DESKTOP-I52PJOF" failures="0" tests="8" name="Orang HRM Login Functionality" time="52.45" errors="0" timestamp="2023-07-20T06:27:33 GMT-07:00">
  <testcase classname="TestLayer.LoginPageTest" name="validateLoginPageFunctionaliy" time="1.897"/>
  <testcase classname="TestLayer.HomePageTest" name="validateHomePageTitle" time="1.361"/>
  <testcase classname="TestLayer.HomePageTest" name="validateHomePageUrl" time="0.018"/>
  <testcase classname="TestLayer.HomePageTest" name="validateHomePageLogo" time="0.777"/>
  <testcase classname="TestLayer.HomePageTest" name="valiatePIMLink" time="1.474"/>
  <testcase classname="TestLayer.PIMPageTest" name="validategetUrl" time="1.982"/>
  <testcase classname="TestLayer.PIMPageTest" name="validatepimPageFunctionality" time="6.596"/>
  <testcase classname="TestLayer.PIMPageTest" name="validateaddMoreDetails" time="5.518"/>
</testsuite> <!-- Orang HRM Login Functionality -->
