<?xml version="1.0" encoding="UTF-8"?>
<!-- Generated by org.testng.reporters.JUnitXMLReporter -->
<testsuite ignored="0" hostname="DESKTOP-I52PJOF" failures="0" tests="9" name="Test" time="77.847" errors="0" timestamp="2023-07-24T04:12:29 GMT-07:00">
  <testcase classname="TestLayer.LoginPageTest" name="validateLoginPageFunctionaliy" time="4.341"/>
  <testcase classname="TestLayer.HomePageTest" name="validateUrl" time="0.305"/>
  <testcase classname="TestLayer.HomePageTest" name="validateTitle" time="0.032"/>
  <testcase classname="TestLayer.HomePageTest" name="validateLogo" time="0.793"/>
  <testcase classname="TestLayer.HomePageTest" name="validateAdminlink" time="0.45"/>
  <testcase classname="TestLayer.HomePageTest" name="validatePIMlink" time="0.126"/>
  <testcase classname="TestLayer.HomePageTest" name="validateLogOutclick" time="0.404"/>
  <testcase classname="TestLayer.PIMPageTest" name="validatePIMPageFunctionality" time="5.428"/>
  <testcase classname="TestLayer.PIMPagePersonalInfoTest" name="validatePIMPersonalInfo" time="41.374"/>
</testsuite> <!-- Test -->
