<?xml version="1.0" encoding="UTF-8"?>
<testng-results ignored="0" total="9" passed="9" failed="0" skipped="0">
  <reporter-output>
  </reporter-output>
  <suite started-at="2023-07-24T04:11:08 GMT-07:00" name="Suite" finished-at="2023-07-24T04:12:25 GMT-07:00" duration-ms="77847">
    <groups>
      <group name="EndToEndTesting">
        <method signature="LoginPageTest.validateLoginPageFunctionaliy()[pri:0, instance:TestLayer.LoginPageTest@338fc1d8]" name="validateLoginPageFunctionaliy" class="TestLayer.LoginPageTest"/>
      </group> <!-- EndToEndTesting -->
      <group name="LoginPage">
        <method signature="LoginPageTest.validateLoginPageFunctionaliy()[pri:0, instance:TestLayer.LoginPageTest@338fc1d8]" name="validateLoginPageFunctionaliy" class="TestLayer.LoginPageTest"/>
      </group> <!-- LoginPage -->
    </groups>
    <test started-at="2023-07-24T04:11:08 GMT-07:00" name="Test" finished-at="2023-07-24T04:12:25 GMT-07:00" duration-ms="77847">
      <class name="TestLayer.HomePageTest">
        <test-method signature="validateUrl()[pri:1, instance:TestLayer.HomePageTest@72c8e7b]" started-at="2023-07-24T04:11:34 GMT-07:00" name="validateUrl" finished-at="2023-07-24T04:11:34 GMT-07:00" duration-ms="305" status="PASS">
          <reporter-output>
          </reporter-output>
        </test-method> <!-- validateUrl -->
        <test-method signature="validateTitle()[pri:2, instance:TestLayer.HomePageTest@72c8e7b]" started-at="2023-07-24T04:11:35 GMT-07:00" name="validateTitle" finished-at="2023-07-24T04:11:35 GMT-07:00" duration-ms="32" status="PASS">
          <reporter-output>
          </reporter-output>
        </test-method> <!-- validateTitle -->
        <test-method signature="validateLogo()[pri:3, instance:TestLayer.HomePageTest@72c8e7b]" started-at="2023-07-24T04:11:35 GMT-07:00" name="validateLogo" finished-at="2023-07-24T04:11:36 GMT-07:00" duration-ms="793" status="PASS">
          <reporter-output>
          </reporter-output>
        </test-method> <!-- validateLogo -->
        <test-method signature="validateAdminlink()[pri:4, instance:TestLayer.HomePageTest@72c8e7b]" started-at="2023-07-24T04:11:36 GMT-07:00" name="validateAdminlink" finished-at="2023-07-24T04:11:37 GMT-07:00" duration-ms="450" status="PASS">
          <reporter-output>
          </reporter-output>
        </test-method> <!-- validateAdminlink -->
        <test-method signature="validatePIMlink()[pri:5, instance:TestLayer.HomePageTest@72c8e7b]" started-at="2023-07-24T04:11:37 GMT-07:00" name="validatePIMlink" finished-at="2023-07-24T04:11:37 GMT-07:00" duration-ms="126" status="PASS">
          <reporter-output>
          </reporter-output>
        </test-method> <!-- validatePIMlink -->
        <test-method signature="validateLogOutclick()[pri:6, instance:TestLayer.HomePageTest@72c8e7b]" started-at="2023-07-24T04:11:37 GMT-07:00" name="validateLogOutclick" finished-at="2023-07-24T04:11:38 GMT-07:00" duration-ms="404" status="PASS">
          <reporter-output>
          </reporter-output>
        </test-method> <!-- validateLogOutclick -->
      </class> <!-- TestLayer.HomePageTest -->
      <class name="TestLayer.PIMPageTest">
        <test-method signature="validatePIMPageFunctionality()[pri:0, instance:TestLayer.PIMPageTest@65f8f5ae]" started-at="2023-07-24T04:11:38 GMT-07:00" name="validatePIMPageFunctionality" finished-at="2023-07-24T04:11:43 GMT-07:00" duration-ms="5428" status="PASS">
          <reporter-output>
          </reporter-output>
        </test-method> <!-- validatePIMPageFunctionality -->
      </class> <!-- TestLayer.PIMPageTest -->
      <class name="TestLayer.PIMPagePersonalInfoTest">
        <test-method signature="validatePIMPersonalInfo()[pri:0, instance:TestLayer.PIMPagePersonalInfoTest@431cd9b2]" started-at="2023-07-24T04:11:44 GMT-07:00" name="validatePIMPersonalInfo" finished-at="2023-07-24T04:12:25 GMT-07:00" duration-ms="41374" status="PASS">
          <reporter-output>
          </reporter-output>
        </test-method> <!-- validatePIMPersonalInfo -->
      </class> <!-- TestLayer.PIMPagePersonalInfoTest -->
      <class name="TestLayer.LoginPageTest">
        <test-method is-config="true" signature="setUp(java.lang.String)[pri:0, instance:TestLayer.LoginPageTest@338fc1d8]" started-at="2023-07-24T04:11:08 GMT-07:00" name="setUp" finished-at="2023-07-24T04:11:29 GMT-07:00" duration-ms="20804" status="PASS">
          <params>
            <param index="0">
              <value>
                <![CDATA[Chrome]]>
              </value>
            </param>
          </params>
          <reporter-output>
          </reporter-output>
        </test-method> <!-- setUp -->
        <test-method signature="validateLoginPageFunctionaliy()[pri:0, instance:TestLayer.LoginPageTest@338fc1d8]" started-at="2023-07-24T04:11:29 GMT-07:00" name="validateLoginPageFunctionaliy" finished-at="2023-07-24T04:11:34 GMT-07:00" duration-ms="4341" status="PASS">
          <reporter-output>
          </reporter-output>
        </test-method> <!-- validateLoginPageFunctionaliy -->
      </class> <!-- TestLayer.LoginPageTest -->
    </test> <!-- Test -->
  </suite> <!-- Suite -->
</testng-results>
